<?xml version="1.0" encoding="UTF-8"?>
<testng-results ignored="0" total="1" passed="1" failed="0" skipped="0">
  <reporter-output>
  </reporter-output>
  <suite started-at="2022-05-23T21:10:39 IST" name="Default suite" finished-at="2022-05-23T21:10:54 IST" duration-ms="15390">
    <groups>
    </groups>
    <test started-at="2022-05-23T21:10:39 IST" name="Default test" finished-at="2022-05-23T21:10:54 IST" duration-ms="15390">
      <class name="tesngScripts.FirstSampleTest">
        <test-method signature="searchJavaTest()[pri:0, instance:tesngScripts.FirstSampleTest@15bb5034]" started-at="2022-05-23T21:10:39 IST" name="searchJavaTest" finished-at="2022-05-23T21:10:54 IST" duration-ms="15336" status="PASS">
          <reporter-output>
          </reporter-output>
        </test-method> <!-- searchJavaTest -->
      </class> <!-- tesngScripts.FirstSampleTest -->
    </test> <!-- Default test -->
  </suite> <!-- Default suite -->
</testng-results>
